Page 21: Unresolved ID reference "_0fec2cc1-cb95-6547-ea82-e17a47ff555a" found.
Page 30: Unresolved ID reference "_websub" found.
Page 30: Unresolved ID reference "RFC5988" found.
Page 32: Unresolved ID reference "_f835e4d3-82ab-f643-6d0c-22929404f316" found.
Page 32: Unresolved ID reference "_0b1813ea-62a9-4ac7-d236-7f403365a4a8" found.
Page 32: Unresolved ID reference "_d2a7d64a-8ced-d201-5952-6589b8cc12eb" found.
Page 32: Unresolved ID reference "_717a5df5-d192-e078-c7e6-140c903a95d3" found.
Page 35: Unresolved ID reference "_e39d9a7d-e3ec-c749-3edc-1dec10df430a" found.
Page 35: Unresolved ID reference "_03980056-c23b-64c0-6e75-2910ba01ec69" found.
Page 37: Unresolved ID reference "_4708035e-2159-bf91-b58c-dd1ef7448d60" found.
Page 37: Unresolved ID reference "_de12da56-fc4a-633b-6fc9-d6c976fb66ba" found.
11 link targets could not be fully resolved and now points to the top of the page or are dysfunctional.
PDF isn't valid PDF/UA-1:
ValidationResult [flavour=ua1, totalAssertions=313210, assertions=[
TestAssertion [ruleId=RuleId [specification=ISO 14289-1:2014, clause=7.18.5, testNumber=2], status=failed,
message=Links shall contain an alternate description via their Contents key as described in ISO 32000-1:2008, 14.9.3,
location=Location [level=CosDocument, context=root/document[0]/pages[29](1252 0 obj PDPage)/annots[0](1253 0 obj PDLinkAnnot)], locationContext=null, errorMessage=null], 
TestAssertion [ruleId=RuleId [specification=ISO 14289-1:2014, clause=7.18.5, testNumber=1], status=failed,
message=Links shall be tagged according to ISO 32000-1:2008, 14.8.4.4.2, Link Element,
location=Location [level=CosDocument, context=root/document[0]/pages[29](1252 0 obj PDPage)/annots[0](1253 0 obj PDLinkAnnot)], locationContext=null, errorMessage=null], 
TestAssertion [ruleId=RuleId [specification=ISO 14289-1:2014, clause=7.18.1, testNumber=2], status=failed,
message=An annotation (except Widget annotations or hidden annotations, or those having rectangle outside the crop-box) shall have either Contents key or an Alt entry in the enclosing structure element,
location=Location [level=CosDocument, context=root/document[0]/pages[29](1252 0 obj PDPage)/annots[0](1253 0 obj PDLinkAnnot)], locationContext=null, errorMessage=null], 
TestAssertion [ruleId=RuleId [specification=ISO 14289-1:2014, clause=7.18.5, testNumber=2], status=failed,
message=Links shall contain an alternate description via their Contents key as described in ISO 32000-1:2008, 14.9.3,
location=Location [level=CosDocument, context=root/document[0]/pages[38](1699 0 obj PDPage)/annots[0](1700 0 obj PDLinkAnnot)], locationContext=null, errorMessage=null], 
TestAssertion [ruleId=RuleId [specification=ISO 14289-1:2014, clause=7.18.5, testNumber=1], status=failed,
message=Links shall be tagged according to ISO 32000-1:2008, 14.8.4.4.2, Link Element,
location=Location [level=CosDocument, context=root/document[0]/pages[38](1699 0 obj PDPage)/annots[0](1700 0 obj PDLinkAnnot)], locationContext=null, errorMessage=null], 
TestAssertion [ruleId=RuleId [specification=ISO 14289-1:2014, clause=7.18.1, testNumber=2], status=failed,
message=An annotation (except Widget annotations or hidden annotations, or those having rectangle outside the crop-box) shall have either Contents key or an Alt entry in the enclosing structure element,
location=Location [level=CosDocument, context=root/document[0]/pages[38](1699 0 obj PDPage)/annots[0](1700 0 obj PDLinkAnnot)], locationContext=null, errorMessage=null], 
TestAssertion [ruleId=RuleId [specification=ISO 14289-1:2014, clause=7.18.5, testNumber=2], status=failed,
message=Links shall contain an alternate description via their Contents key as described in ISO 32000-1:2008, 14.9.3,
location=Location [level=CosDocument, context=root/document[0]/pages[38](1699 0 obj PDPage)/annots[1](1702 0 obj PDLinkAnnot)], locationContext=null, errorMessage=null], 
TestAssertion [ruleId=RuleId [specification=ISO 14289-1:2014, clause=7.18.5, testNumber=1], status=failed,
message=Links shall be tagged according to ISO 32000-1:2008, 14.8.4.4.2, Link Element,
location=Location [level=CosDocument, context=root/document[0]/pages[38](1699 0 obj PDPage)/annots[1](1702 0 obj PDLinkAnnot)], locationContext=null, errorMessage=null], 
TestAssertion [ruleId=RuleId [specification=ISO 14289-1:2014, clause=7.18.1, testNumber=2], status=failed,
message=An annotation (except Widget annotations or hidden annotations, or those having rectangle outside the crop-box) shall have either Contents key or an Alt entry in the enclosing structure element,
location=Location [level=CosDocument, context=root/document[0]/pages[38](1699 0 obj PDPage)/annots[1](1702 0 obj PDLinkAnnot)], locationContext=null, errorMessage=null], 
TestAssertion [ruleId=RuleId [specification=ISO 14289-1:2014, clause=7.18.5, testNumber=2], status=failed,
message=Links shall contain an alternate description via their Contents key as described in ISO 32000-1:2008, 14.9.3,
location=Location [level=CosDocument, context=root/document[0]/pages[40](1844 0 obj PDPage)/annots[3](1849 0 obj PDLinkAnnot)], locationContext=null, errorMessage=null], 
TestAssertion [ruleId=RuleId [specification=ISO 14289-1:2014, clause=7.18.5, testNumber=1], status=failed,
message=Links shall be tagged according to ISO 32000-1:2008, 14.8.4.4.2, Link Element,
location=Location [level=CosDocument, context=root/document[0]/pages[40](1844 0 obj PDPage)/annots[3](1849 0 obj PDLinkAnnot)], locationContext=null, errorMessage=null], 
TestAssertion [ruleId=RuleId [specification=ISO 14289-1:2014, clause=7.18.1, testNumber=2], status=failed,
message=An annotation (except Widget annotations or hidden annotations, or those having rectangle outside the crop-box) shall have either Contents key or an Alt entry in the enclosing structure element,
location=Location [level=CosDocument, context=root/document[0]/pages[40](1844 0 obj PDPage)/annots[3](1849 0 obj PDLinkAnnot)], locationContext=null, errorMessage=null], 
TestAssertion [ruleId=RuleId [specification=ISO 14289-1:2014, clause=7.18.5, testNumber=2], status=failed,
message=Links shall contain an alternate description via their Contents key as described in ISO 32000-1:2008, 14.9.3,
location=Location [level=CosDocument, context=root/document[0]/pages[40](1844 0 obj PDPage)/annots[4](1851 0 obj PDLinkAnnot)], locationContext=null, errorMessage=null], 
TestAssertion [ruleId=RuleId [specification=ISO 14289-1:2014, clause=7.18.5, testNumber=1], status=failed,
message=Links shall be tagged according to ISO 32000-1:2008, 14.8.4.4.2, Link Element,
location=Location [level=CosDocument, context=root/document[0]/pages[40](1844 0 obj PDPage)/annots[4](1851 0 obj PDLinkAnnot)], locationContext=null, errorMessage=null], 
TestAssertion [ruleId=RuleId [specification=ISO 14289-1:2014, clause=7.18.1, testNumber=2], status=failed,
message=An annotation (except Widget annotations or hidden annotations, or those having rectangle outside the crop-box) shall have either Contents key or an Alt entry in the enclosing structure element,
location=Location [level=CosDocument, context=root/document[0]/pages[40](1844 0 obj PDPage)/annots[4](1851 0 obj PDLinkAnnot)], locationContext=null, errorMessage=null], 
TestAssertion [ruleId=RuleId [specification=ISO 14289-1:2014, clause=7.18.5, testNumber=2], status=failed,
message=Links shall contain an alternate description via their Contents key as described in ISO 32000-1:2008, 14.9.3,
location=Location [level=CosDocument, context=root/document[0]/pages[40](1844 0 obj PDPage)/annots[5](1853 0 obj PDLinkAnnot)], locationContext=null, errorMessage=null], 
TestAssertion [ruleId=RuleId [specification=ISO 14289-1:2014, clause=7.18.5, testNumber=1], status=failed,
message=Links shall be tagged according to ISO 32000-1:2008, 14.8.4.4.2, Link Element,
location=Location [level=CosDocument, context=root/document[0]/pages[40](1844 0 obj PDPage)/annots[5](1853 0 obj PDLinkAnnot)], locationContext=null, errorMessage=null], 
TestAssertion [ruleId=RuleId [specification=ISO 14289-1:2014, clause=7.18.1, testNumber=2], status=failed,
message=An annotation (except Widget annotations or hidden annotations, or those having rectangle outside the crop-box) shall have either Contents key or an Alt entry in the enclosing structure element,
location=Location [level=CosDocument, context=root/document[0]/pages[40](1844 0 obj PDPage)/annots[5](1853 0 obj PDLinkAnnot)], locationContext=null, errorMessage=null], 
TestAssertion [ruleId=RuleId [specification=ISO 14289-1:2014, clause=7.18.5, testNumber=2], status=failed,
message=Links shall contain an alternate description via their Contents key as described in ISO 32000-1:2008, 14.9.3,
location=Location [level=CosDocument, context=root/document[0]/pages[40](1844 0 obj PDPage)/annots[6](1855 0 obj PDLinkAnnot)], locationContext=null, errorMessage=null], 
TestAssertion [ruleId=RuleId [specification=ISO 14289-1:2014, clause=7.18.5, testNumber=1], status=failed,
message=Links shall be tagged according to ISO 32000-1:2008, 14.8.4.4.2, Link Element,
location=Location [level=CosDocument, context=root/document[0]/pages[40](1844 0 obj PDPage)/annots[6](1855 0 obj PDLinkAnnot)], locationContext=null, errorMessage=null], 
TestAssertion [ruleId=RuleId [specification=ISO 14289-1:2014, clause=7.18.1, testNumber=2], status=failed,
message=An annotation (except Widget annotations or hidden annotations, or those having rectangle outside the crop-box) shall have either Contents key or an Alt entry in the enclosing structure element,
location=Location [level=CosDocument, context=root/document[0]/pages[40](1844 0 obj PDPage)/annots[6](1855 0 obj PDLinkAnnot)], locationContext=null, errorMessage=null], 
TestAssertion [ruleId=RuleId [specification=ISO 14289-1:2014, clause=7.18.5, testNumber=2], status=failed,
message=Links shall contain an alternate description via their Contents key as described in ISO 32000-1:2008, 14.9.3,
location=Location [level=CosDocument, context=root/document[0]/pages[43](2106 0 obj PDPage)/annots[1](2065 0 obj PDLinkAnnot)], locationContext=null, errorMessage=null], 
TestAssertion [ruleId=RuleId [specification=ISO 14289-1:2014, clause=7.18.5, testNumber=1], status=failed,
message=Links shall be tagged according to ISO 32000-1:2008, 14.8.4.4.2, Link Element,
location=Location [level=CosDocument, context=root/document[0]/pages[43](2106 0 obj PDPage)/annots[1](2065 0 obj PDLinkAnnot)], locationContext=null, errorMessage=null], 
TestAssertion [ruleId=RuleId [specification=ISO 14289-1:2014, clause=7.18.1, testNumber=2], status=failed,
message=An annotation (except Widget annotations or hidden annotations, or those having rectangle outside the crop-box) shall have either Contents key or an Alt entry in the enclosing structure element,
location=Location [level=CosDocument, context=root/document[0]/pages[43](2106 0 obj PDPage)/annots[1](2065 0 obj PDLinkAnnot)], locationContext=null, errorMessage=null], 
TestAssertion [ruleId=RuleId [specification=ISO 14289-1:2014, clause=7.18.5, testNumber=2], status=failed,
message=Links shall contain an alternate description via their Contents key as described in ISO 32000-1:2008, 14.9.3,
location=Location [level=CosDocument, context=root/document[0]/pages[43](2106 0 obj PDPage)/annots[2](2067 0 obj PDLinkAnnot)], locationContext=null, errorMessage=null], 
TestAssertion [ruleId=RuleId [specification=ISO 14289-1:2014, clause=7.18.5, testNumber=1], status=failed,
message=Links shall be tagged according to ISO 32000-1:2008, 14.8.4.4.2, Link Element,
location=Location [level=CosDocument, context=root/document[0]/pages[43](2106 0 obj PDPage)/annots[2](2067 0 obj PDLinkAnnot)], locationContext=null, errorMessage=null], 
TestAssertion [ruleId=RuleId [specification=ISO 14289-1:2014, clause=7.18.1, testNumber=2], status=failed,
message=An annotation (except Widget annotations or hidden annotations, or those having rectangle outside the crop-box) shall have either Contents key or an Alt entry in the enclosing structure element,
location=Location [level=CosDocument, context=root/document[0]/pages[43](2106 0 obj PDPage)/annots[2](2067 0 obj PDLinkAnnot)], locationContext=null, errorMessage=null], 
TestAssertion [ruleId=RuleId [specification=ISO 14289-1:2014, clause=7.18.5, testNumber=2], status=failed,
message=Links shall contain an alternate description via their Contents key as described in ISO 32000-1:2008, 14.9.3,
location=Location [level=CosDocument, context=root/document[0]/pages[45](2147 0 obj PDPage)/annots[1](2150 0 obj PDLinkAnnot)], locationContext=null, errorMessage=null], 
TestAssertion [ruleId=RuleId [specification=ISO 14289-1:2014, clause=7.18.5, testNumber=1], status=failed,
message=Links shall be tagged according to ISO 32000-1:2008, 14.8.4.4.2, Link Element,
location=Location [level=CosDocument, context=root/document[0]/pages[45](2147 0 obj PDPage)/annots[1](2150 0 obj PDLinkAnnot)], locationContext=null, errorMessage=null], 
TestAssertion [ruleId=RuleId [specification=ISO 14289-1:2014, clause=7.18.1, testNumber=2], status=failed,
message=An annotation (except Widget annotations or hidden annotations, or those having rectangle outside the crop-box) shall have either Contents key or an Alt entry in the enclosing structure element,
location=Location [level=CosDocument, context=root/document[0]/pages[45](2147 0 obj PDPage)/annots[1](2150 0 obj PDLinkAnnot)], locationContext=null, errorMessage=null], 
TestAssertion [ruleId=RuleId [specification=ISO 14289-1:2014, clause=7.18.5, testNumber=2], status=failed,
message=Links shall contain an alternate description via their Contents key as described in ISO 32000-1:2008, 14.9.3,
location=Location [level=CosDocument, context=root/document[0]/pages[45](2147 0 obj PDPage)/annots[2](2152 0 obj PDLinkAnnot)], locationContext=null, errorMessage=null], 
TestAssertion [ruleId=RuleId [specification=ISO 14289-1:2014, clause=7.18.5, testNumber=1], status=failed,
message=Links shall be tagged according to ISO 32000-1:2008, 14.8.4.4.2, Link Element,
location=Location [level=CosDocument, context=root/document[0]/pages[45](2147 0 obj PDPage)/annots[2](2152 0 obj PDLinkAnnot)], locationContext=null, errorMessage=null], 
TestAssertion [ruleId=RuleId [specification=ISO 14289-1:2014, clause=7.18.1, testNumber=2], status=failed,
message=An annotation (except Widget annotations or hidden annotations, or those having rectangle outside the crop-box) shall have either Contents key or an Alt entry in the enclosing structure element,
location=Location [level=CosDocument, context=root/document[0]/pages[45](2147 0 obj PDPage)/annots[2](2152 0 obj PDLinkAnnot)], locationContext=null, errorMessage=null], 
TestAssertion [ruleId=RuleId [specification=ISO 14289-1:2014, clause=7.2, testNumber=26], status=failed,
message=TOCI element should be contained in TOC element,
location=Location [level=CosDocument, context=root/document[0]/StructTreeRoot[0](2796 0 obj PDStructTreeRoot)/K[0](2798 0 obj SEDocument Document)/K[2](2806 0 obj SEPart Part)/K[0](2876 0 obj SESect Sect)/K[1](2879 0 obj SEDiv Div)/K[0](2881 0 obj SEDiv Div)/K[3](2891 0 obj SETOCI TOCI)], locationContext=null, errorMessage=null], 
TestAssertion [ruleId=RuleId [specification=ISO 14289-1:2014, clause=7.2, testNumber=26], status=failed,
message=TOCI element should be contained in TOC element,
location=Location [level=CosDocument, context=root/document[0]/StructTreeRoot[0](2796 0 obj PDStructTreeRoot)/K[0](2798 0 obj SEDocument Document)/K[2](2806 0 obj SEPart Part)/K[0](2876 0 obj SESect Sect)/K[1](2879 0 obj SEDiv Div)/K[0](2881 0 obj SEDiv Div)/K[5](2893 0 obj SETOCI TOCI)], locationContext=null, errorMessage=null], 
TestAssertion [ruleId=RuleId [specification=ISO 14289-1:2014, clause=7.2, testNumber=26], status=failed,
message=TOCI element should be contained in TOC element,
location=Location [level=CosDocument, context=root/document[0]/StructTreeRoot[0](2796 0 obj PDStructTreeRoot)/K[0](2798 0 obj SEDocument Document)/K[2](2806 0 obj SEPart Part)/K[0](2876 0 obj SESect Sect)/K[1](2879 0 obj SEDiv Div)/K[0](2881 0 obj SEDiv Div)/K[6](2894 0 obj SETOCI TOCI)], locationContext=null, errorMessage=null], 
TestAssertion [ruleId=RuleId [specification=ISO 14289-1:2014, clause=7.2, testNumber=26], status=failed,
message=TOCI element should be contained in TOC element,
location=Location [level=CosDocument, context=root/document[0]/StructTreeRoot[0](2796 0 obj PDStructTreeRoot)/K[0](2798 0 obj SEDocument Document)/K[2](2806 0 obj SEPart Part)/K[0](2876 0 obj SESect Sect)/K[1](2879 0 obj SEDiv Div)/K[0](2881 0 obj SEDiv Div)/K[7](2895 0 obj SETOCI TOCI)], locationContext=null, errorMessage=null], 
TestAssertion [ruleId=RuleId [specification=ISO 14289-1:2014, clause=7.2, testNumber=26], status=failed,
message=TOCI element should be contained in TOC element,
location=Location [level=CosDocument, context=root/document[0]/StructTreeRoot[0](2796 0 obj PDStructTreeRoot)/K[0](2798 0 obj SEDocument Document)/K[2](2806 0 obj SEPart Part)/K[0](2876 0 obj SESect Sect)/K[1](2879 0 obj SEDiv Div)/K[0](2881 0 obj SEDiv Div)/K[8](2896 0 obj SETOCI TOCI)], locationContext=null, errorMessage=null], 
TestAssertion [ruleId=RuleId [specification=ISO 14289-1:2014, clause=7.2, testNumber=26], status=failed,
message=TOCI element should be contained in TOC element,
location=Location [level=CosDocument, context=root/document[0]/StructTreeRoot[0](2796 0 obj PDStructTreeRoot)/K[0](2798 0 obj SEDocument Document)/K[2](2806 0 obj SEPart Part)/K[0](2876 0 obj SESect Sect)/K[1](2879 0 obj SEDiv Div)/K[0](2881 0 obj SEDiv Div)/K[9](2897 0 obj SETOCI TOCI)], locationContext=null, errorMessage=null], 
TestAssertion [ruleId=RuleId [specification=ISO 14289-1:2014, clause=7.2, testNumber=26], status=failed,
message=TOCI element should be contained in TOC element,
location=Location [level=CosDocument, context=root/document[0]/StructTreeRoot[0](2796 0 obj PDStructTreeRoot)/K[0](2798 0 obj SEDocument Document)/K[2](2806 0 obj SEPart Part)/K[0](2876 0 obj SESect Sect)/K[1](2879 0 obj SEDiv Div)/K[0](2881 0 obj SEDiv Div)/K[10](2898 0 obj SETOCI TOCI)], locationContext=null, errorMessage=null], 
TestAssertion [ruleId=RuleId [specification=ISO 14289-1:2014, clause=7.2, testNumber=26], status=failed,
message=TOCI element should be contained in TOC element,
location=Location [level=CosDocument, context=root/document[0]/StructTreeRoot[0](2796 0 obj PDStructTreeRoot)/K[0](2798 0 obj SEDocument Document)/K[2](2806 0 obj SEPart Part)/K[0](2876 0 obj SESect Sect)/K[1](2879 0 obj SEDiv Div)/K[0](2881 0 obj SEDiv Div)/K[11](2899 0 obj SETOCI TOCI)], locationContext=null, errorMessage=null], 
TestAssertion [ruleId=RuleId [specification=ISO 14289-1:2014, clause=7.2, testNumber=26], status=failed,
message=TOCI element should be contained in TOC element,
location=Location [level=CosDocument, context=root/document[0]/StructTreeRoot[0](2796 0 obj PDStructTreeRoot)/K[0](2798 0 obj SEDocument Document)/K[2](2806 0 obj SEPart Part)/K[0](2876 0 obj SESect Sect)/K[1](2879 0 obj SEDiv Div)/K[0](2881 0 obj SEDiv Div)/K[13](2901 0 obj SETOCI TOCI)], locationContext=null, errorMessage=null], 
TestAssertion [ruleId=RuleId [specification=ISO 14289-1:2014, clause=7.2, testNumber=26], status=failed,
message=TOCI element should be contained in TOC element,
location=Location [level=CosDocument, context=root/document[0]/StructTreeRoot[0](2796 0 obj PDStructTreeRoot)/K[0](2798 0 obj SEDocument Document)/K[2](2806 0 obj SEPart Part)/K[0](2876 0 obj SESect Sect)/K[1](2879 0 obj SEDiv Div)/K[0](2881 0 obj SEDiv Div)/K[14](2902 0 obj SETOCI TOCI)], locationContext=null, errorMessage=null], 
TestAssertion [ruleId=RuleId [specification=ISO 14289-1:2014, clause=7.2, testNumber=26], status=failed,
message=TOCI element should be contained in TOC element,
location=Location [level=CosDocument, context=root/document[0]/StructTreeRoot[0](2796 0 obj PDStructTreeRoot)/K[0](2798 0 obj SEDocument Document)/K[2](2806 0 obj SEPart Part)/K[0](2876 0 obj SESect Sect)/K[1](2879 0 obj SEDiv Div)/K[0](2881 0 obj SEDiv Div)/K[15](2903 0 obj SETOCI TOCI)], locationContext=null, errorMessage=null], 
TestAssertion [ruleId=RuleId [specification=ISO 14289-1:2014, clause=7.2, testNumber=26], status=failed,
message=TOCI element should be contained in TOC element,
location=Location [level=CosDocument, context=root/document[0]/StructTreeRoot[0](2796 0 obj PDStructTreeRoot)/K[0](2798 0 obj SEDocument Document)/K[2](2806 0 obj SEPart Part)/K[0](2876 0 obj SESect Sect)/K[1](2879 0 obj SEDiv Div)/K[0](2881 0 obj SEDiv Div)/K[16](2904 0 obj SETOCI TOCI)], locationContext=null, errorMessage=null], 
TestAssertion [ruleId=RuleId [specification=ISO 14289-1:2014, clause=7.2, testNumber=26], status=failed,
message=TOCI element should be contained in TOC element,
location=Location [level=CosDocument, context=root/document[0]/StructTreeRoot[0](2796 0 obj PDStructTreeRoot)/K[0](2798 0 obj SEDocument Document)/K[2](2806 0 obj SEPart Part)/K[0](2876 0 obj SESect Sect)/K[1](2879 0 obj SEDiv Div)/K[0](2881 0 obj SEDiv Div)/K[17](2905 0 obj SETOCI TOCI)], locationContext=null, errorMessage=null], 
TestAssertion [ruleId=RuleId [specification=ISO 14289-1:2014, clause=7.2, testNumber=26], status=failed,
message=TOCI element should be contained in TOC element,
location=Location [level=CosDocument, context=root/document[0]/StructTreeRoot[0](2796 0 obj PDStructTreeRoot)/K[0](2798 0 obj SEDocument Document)/K[2](2806 0 obj SEPart Part)/K[0](2876 0 obj SESect Sect)/K[1](2879 0 obj SEDiv Div)/K[0](2881 0 obj SEDiv Div)/K[18](2906 0 obj SETOCI TOCI)], locationContext=null, errorMessage=null], 
TestAssertion [ruleId=RuleId [specification=ISO 14289-1:2014, clause=7.2, testNumber=26], status=failed,
message=TOCI element should be contained in TOC element,
location=Location [level=CosDocument, context=root/document[0]/StructTreeRoot[0](2796 0 obj PDStructTreeRoot)/K[0](2798 0 obj SEDocument Document)/K[2](2806 0 obj SEPart Part)/K[0](2876 0 obj SESect Sect)/K[1](2879 0 obj SEDiv Div)/K[0](2881 0 obj SEDiv Div)/K[19](2907 0 obj SETOCI TOCI)], locationContext=null, errorMessage=null], 
TestAssertion [ruleId=RuleId [specification=ISO 14289-1:2014, clause=7.2, testNumber=26], status=failed,
message=TOCI element should be contained in TOC element,
location=Location [level=CosDocument, context=root/document[0]/StructTreeRoot[0](2796 0 obj PDStructTreeRoot)/K[0](2798 0 obj SEDocument Document)/K[2](2806 0 obj SEPart Part)/K[0](2876 0 obj SESect Sect)/K[1](2879 0 obj SEDiv Div)/K[0](2881 0 obj SEDiv Div)/K[20](2908 0 obj SETOCI TOCI)], locationContext=null, errorMessage=null], 
TestAssertion [ruleId=RuleId [specification=ISO 14289-1:2014, clause=7.2, testNumber=26], status=failed,
message=TOCI element should be contained in TOC element,
location=Location [level=CosDocument, context=root/document[0]/StructTreeRoot[0](2796 0 obj PDStructTreeRoot)/K[0](2798 0 obj SEDocument Document)/K[2](2806 0 obj SEPart Part)/K[0](2876 0 obj SESect Sect)/K[1](2879 0 obj SEDiv Div)/K[0](2881 0 obj SEDiv Div)/K[21](2909 0 obj SETOCI TOCI)], locationContext=null, errorMessage=null], 
TestAssertion [ruleId=RuleId [specification=ISO 14289-1:2014, clause=7.2, testNumber=26], status=failed,
message=TOCI element should be contained in TOC element,
location=Location [level=CosDocument, context=root/document[0]/StructTreeRoot[0](2796 0 obj PDStructTreeRoot)/K[0](2798 0 obj SEDocument Document)/K[2](2806 0 obj SEPart Part)/K[0](2876 0 obj SESect Sect)/K[1](2879 0 obj SEDiv Div)/K[0](2881 0 obj SEDiv Div)/K[22](2910 0 obj SETOCI TOCI)], locationContext=null, errorMessage=null], 
TestAssertion [ruleId=RuleId [specification=ISO 14289-1:2014, clause=7.2, testNumber=26], status=failed,
message=TOCI element should be contained in TOC element,
location=Location [level=CosDocument, context=root/document[0]/StructTreeRoot[0](2796 0 obj PDStructTreeRoot)/K[0](2798 0 obj SEDocument Document)/K[2](2806 0 obj SEPart Part)/K[0](2876 0 obj SESect Sect)/K[1](2879 0 obj SEDiv Div)/K[0](2881 0 obj SEDiv Div)/K[23](2911 0 obj SETOCI TOCI)], locationContext=null, errorMessage=null], 
TestAssertion [ruleId=RuleId [specification=ISO 14289-1:2014, clause=7.2, testNumber=26], status=failed,
message=TOCI element should be contained in TOC element,
location=Location [level=CosDocument, context=root/document[0]/StructTreeRoot[0](2796 0 obj PDStructTreeRoot)/K[0](2798 0 obj SEDocument Document)/K[2](2806 0 obj SEPart Part)/K[0](2876 0 obj SESect Sect)/K[1](2879 0 obj SEDiv Div)/K[0](2881 0 obj SEDiv Div)/K[24](2912 0 obj SETOCI TOCI)], locationContext=null, errorMessage=null], 
TestAssertion [ruleId=RuleId [specification=ISO 14289-1:2014, clause=7.2, testNumber=26], status=failed,
message=TOCI element should be contained in TOC element,
location=Location [level=CosDocument, context=root/document[0]/StructTreeRoot[0](2796 0 obj PDStructTreeRoot)/K[0](2798 0 obj SEDocument Document)/K[2](2806 0 obj SEPart Part)/K[0](2876 0 obj SESect Sect)/K[1](2879 0 obj SEDiv Div)/K[0](2881 0 obj SEDiv Div)/K[25](2913 0 obj SETOCI TOCI)], locationContext=null, errorMessage=null], 
TestAssertion [ruleId=RuleId [specification=ISO 14289-1:2014, clause=7.2, testNumber=26], status=failed,
message=TOCI element should be contained in TOC element,
location=Location [level=CosDocument, context=root/document[0]/StructTreeRoot[0](2796 0 obj PDStructTreeRoot)/K[0](2798 0 obj SEDocument Document)/K[2](2806 0 obj SEPart Part)/K[0](2876 0 obj SESect Sect)/K[1](2879 0 obj SEDiv Div)/K[0](2881 0 obj SEDiv Div)/K[26](2914 0 obj SETOCI TOCI)], locationContext=null, errorMessage=null], 
TestAssertion [ruleId=RuleId [specification=ISO 14289-1:2014, clause=7.2, testNumber=26], status=failed,
message=TOCI element should be contained in TOC element,
location=Location [level=CosDocument, context=root/document[0]/StructTreeRoot[0](2796 0 obj PDStructTreeRoot)/K[0](2798 0 obj SEDocument Document)/K[2](2806 0 obj SEPart Part)/K[0](2876 0 obj SESect Sect)/K[1](2879 0 obj SEDiv Div)/K[0](2881 0 obj SEDiv Div)/K[27](2915 0 obj SETOCI TOCI)], locationContext=null, errorMessage=null], 
TestAssertion [ruleId=RuleId [specification=ISO 14289-1:2014, clause=7.2, testNumber=26], status=failed,
message=TOCI element should be contained in TOC element,
location=Location [level=CosDocument, context=root/document[0]/StructTreeRoot[0](2796 0 obj PDStructTreeRoot)/K[0](2798 0 obj SEDocument Document)/K[2](2806 0 obj SEPart Part)/K[0](2876 0 obj SESect Sect)/K[1](2879 0 obj SEDiv Div)/K[0](2881 0 obj SEDiv Div)/K[28](2916 0 obj SETOCI TOCI)], locationContext=null, errorMessage=null]], isCompliant=false]
